TN:
SF:src/components/TaskManager.js
FN:3,(anonymous_0)
FN:29,(anonymous_1)
FN:65,(anonymous_2)
FN:85,(anonymous_3)
FN:102,(anonymous_4)
FN:119,(anonymous_5)
FN:120,(anonymous_6)
FN:125,(anonymous_7)
FN:126,(anonymous_8)
FN:129,(anonymous_9)
FN:134,(anonymous_10)
FN:144,(anonymous_11)
FN:162,(anonymous_12)
FN:165,(anonymous_13)
FN:183,(anonymous_14)
FN:199,(anonymous_15)
FN:205,(anonymous_16)
FN:210,(anonymous_17)
FN:214,(anonymous_18)
FN:220,(anonymous_19)
FN:224,(anonymous_20)
FN:230,(anonymous_21)
FN:240,(anonymous_22)
FN:258,(anonymous_23)
FN:273,(anonymous_24)
FN:274,(anonymous_25)
FN:281,(anonymous_26)
FN:290,(anonymous_27)
FN:315,(anonymous_28)
FN:321,(anonymous_29)
FN:326,(anonymous_30)
FN:330,(anonymous_31)
FN:349,(anonymous_32)
FN:354,(anonymous_33)
FN:355,(anonymous_34)
FN:375,(anonymous_35)
FN:382,(anonymous_36)
FN:387,(anonymous_37)
FN:408,(anonymous_38)
FN:419,(anonymous_39)
FNF:40
FNH:37
FNDA:59,(anonymous_0)
FNDA:18,(anonymous_1)
FNDA:1,(anonymous_2)
FNDA:1,(anonymous_3)
FNDA:1,(anonymous_4)
FNDA:1,(anonymous_5)
FNDA:2,(anonymous_6)
FNDA:1,(anonymous_7)
FNDA:2,(anonymous_8)
FNDA:82,(anonymous_9)
FNDA:51,(anonymous_10)
FNDA:51,(anonymous_11)
FNDA:177,(anonymous_12)
FNDA:8,(anonymous_13)
FNDA:1,(anonymous_14)
FNDA:1,(anonymous_15)
FNDA:1,(anonymous_16)
FNDA:1,(anonymous_17)
FNDA:52,(anonymous_18)
FNDA:1,(anonymous_19)
FNDA:52,(anonymous_20)
FNDA:0,(anonymous_21)
FNDA:0,(anonymous_22)
FNDA:51,(anonymous_23)
FNDA:51,(anonymous_24)
FNDA:76,(anonymous_25)
FNDA:1,(anonymous_26)
FNDA:1,(anonymous_27)
FNDA:1,(anonymous_28)
FNDA:1,(anonymous_29)
FNDA:1,(anonymous_30)
FNDA:16,(anonymous_31)
FNDA:17,(anonymous_32)
FNDA:25,(anonymous_33)
FNDA:34,(anonymous_34)
FNDA:1,(anonymous_35)
FNDA:1,(anonymous_36)
FNDA:0,(anonymous_37)
FNDA:15,(anonymous_38)
FNDA:30,(anonymous_39)
DA:3,1
DA:4,59
DA:5,59
DA:6,59
DA:7,59
DA:15,59
DA:20,59
DA:25,59
DA:26,59
DA:29,59
DA:31,18
DA:36,18
DA:41,18
DA:65,59
DA:66,1
DA:67,1
DA:73,1
DA:74,1
DA:85,59
DA:86,1
DA:87,1
DA:93,1
DA:94,1
DA:102,59
DA:103,1
DA:104,1
DA:110,1
DA:111,1
DA:119,59
DA:120,1
DA:121,2
DA:125,59
DA:126,2
DA:129,59
DA:130,82
DA:134,59
DA:135,51
DA:136,1
DA:137,25
DA:138,25
DA:139,0
DA:140,0
DA:144,59
DA:145,51
DA:146,25
DA:147,26
DA:148,0
DA:149,0
DA:153,59
DA:163,177
DA:165,8
DA:183,1
DA:199,1
DA:205,1
DA:210,1
DA:215,52
DA:220,1
DA:225,52
DA:230,0
DA:240,0
DA:259,51
DA:273,51
DA:274,76
DA:281,1
DA:290,1
DA:315,1
DA:321,1
DA:326,1
DA:331,16
DA:350,17
DA:354,25
DA:355,34
DA:375,1
DA:382,1
DA:387,0
DA:409,15
DA:419,30
LF:77
LH:70
BRDA:66,0,0,1
BRDA:66,0,1,0
BRDA:66,1,0,1
BRDA:66,1,1,1
BRDA:66,1,2,1
BRDA:66,1,3,1
BRDA:86,2,0,1
BRDA:86,2,1,0
BRDA:86,3,0,1
BRDA:86,3,1,1
BRDA:86,3,2,1
BRDA:103,4,0,1
BRDA:103,4,1,0
BRDA:103,5,0,1
BRDA:103,5,1,1
BRDA:121,6,0,1
BRDA:121,6,1,1
BRDA:130,7,0,82
BRDA:130,7,1,1
BRDA:135,8,0,1
BRDA:135,8,1,25
BRDA:135,8,2,25
BRDA:135,8,3,0
BRDA:135,8,4,0
BRDA:145,9,0,25
BRDA:145,9,1,26
BRDA:145,9,2,0
BRDA:145,9,3,0
BRDA:167,10,0,59
BRDA:167,10,1,118
BRDA:189,11,0,59
BRDA:189,11,1,44
BRDA:275,12,0,51
BRDA:275,12,1,50
BRDA:305,13,0,59
BRDA:305,13,1,8
BRDA:365,14,0,59
BRDA:365,14,1,7
BRF:38
BRH:31
end_of_record
